<?xml version="1.0" encoding="UTF-8"?>
<!-- Generated by org.testng.reporters.JUnitReportReporter -->
<testsuite hostname="GirishPC" failures="0" tests="2" name="com.shift.tests.ShiftTest" time="16.427" errors="0" timestamp="2023-11-08T23:45:45 EST" skipped="0">
  <testcase classname="com.shift.tests.ShiftTest" name="validateUrlTest" time="8.208"/>
  <system-out/>
  <testcase classname="com.shift.tests.ShiftTest" name="leadQaPositionTest" time="8.219"/>
  <system-out/>
</testsuite> <!-- com.shift.tests.ShiftTest -->
